{"/Users/nikolay/Desktop/hexlet-JavaScript/fullstack-javascript-project-46/src/index.js": {"path":"/Users/nikolay/Desktop/hexlet-JavaScript/fullstack-javascript-project-46/src/index.js","statementMap":{"0":{"start":{"line":5,"column":16},"end":{"line":40,"column":1}},"1":{"start":{"line":6,"column":18},"end":{"line":6,"column":41}},"2":{"start":{"line":7,"column":18},"end":{"line":7,"column":41}},"3":{"start":{"line":8,"column":18},"end":{"line":8,"column":49}},"4":{"start":{"line":9,"column":18},"end":{"line":9,"column":49}},"5":{"start":{"line":10,"column":16},"end":{"line":10,"column":39}},"6":{"start":{"line":13,"column":4},"end":{"line":16,"column":5}},"7":{"start":{"line":14,"column":8},"end":{"line":14,"column":34}},"8":{"start":{"line":15,"column":8},"end":{"line":15,"column":34}},"9":{"start":{"line":18,"column":19},"end":{"line":18,"column":21}},"10":{"start":{"line":19,"column":18},"end":{"line":19,"column":37}},"11":{"start":{"line":20,"column":18},"end":{"line":20,"column":37}},"12":{"start":{"line":21,"column":20},"end":{"line":21,"column":86}},"13":{"start":{"line":21,"column":57},"end":{"line":21,"column":85}},"14":{"start":{"line":23,"column":4},"end":{"line":23,"column":20}},"15":{"start":{"line":24,"column":4},"end":{"line":36,"column":6}},"16":{"start":{"line":25,"column":8},"end":{"line":35,"column":9}},"17":{"start":{"line":26,"column":12},"end":{"line":26,"column":53}},"18":{"start":{"line":28,"column":13},"end":{"line":35,"column":9}},"19":{"start":{"line":29,"column":12},"end":{"line":29,"column":53}},"20":{"start":{"line":31,"column":13},"end":{"line":35,"column":9}},"21":{"start":{"line":32,"column":12},"end":{"line":32,"column":81}},"22":{"start":{"line":34,"column":12},"end":{"line":34,"column":53}},"23":{"start":{"line":37,"column":4},"end":{"line":37,"column":20}},"24":{"start":{"line":39,"column":4},"end":{"line":39,"column":28}}},"fnMap":{"0":{"name":"(anonymous_0)","decl":{"start":{"line":5,"column":16},"end":{"line":5,"column":17}},"loc":{"start":{"line":5,"column":50},"end":{"line":40,"column":1}},"line":5},"1":{"name":"(anonymous_1)","decl":{"start":{"line":21,"column":47},"end":{"line":21,"column":48}},"loc":{"start":{"line":21,"column":57},"end":{"line":21,"column":85}},"line":21},"2":{"name":"(anonymous_2)","decl":{"start":{"line":24,"column":20},"end":{"line":24,"column":21}},"loc":{"start":{"line":24,"column":27},"end":{"line":36,"column":5}},"line":24}},"branchMap":{"0":{"loc":{"start":{"line":13,"column":4},"end":{"line":16,"column":5}},"type":"if","locations":[{"start":{"line":13,"column":4},"end":{"line":16,"column":5}},{"start":{},"end":{}}],"line":13},"1":{"loc":{"start":{"line":21,"column":57},"end":{"line":21,"column":85}},"type":"cond-expr","locations":[{"start":{"line":21,"column":65},"end":{"line":21,"column":66}},{"start":{"line":21,"column":69},"end":{"line":21,"column":85}}],"line":21},"2":{"loc":{"start":{"line":21,"column":69},"end":{"line":21,"column":85}},"type":"cond-expr","locations":[{"start":{"line":21,"column":79},"end":{"line":21,"column":80}},{"start":{"line":21,"column":83},"end":{"line":21,"column":85}}],"line":21},"3":{"loc":{"start":{"line":25,"column":8},"end":{"line":35,"column":9}},"type":"if","locations":[{"start":{"line":25,"column":8},"end":{"line":35,"column":9}},{"start":{"line":28,"column":13},"end":{"line":35,"column":9}}],"line":25},"4":{"loc":{"start":{"line":28,"column":13},"end":{"line":35,"column":9}},"type":"if","locations":[{"start":{"line":28,"column":13},"end":{"line":35,"column":9}},{"start":{"line":31,"column":13},"end":{"line":35,"column":9}}],"line":28},"5":{"loc":{"start":{"line":31,"column":13},"end":{"line":35,"column":9}},"type":"if","locations":[{"start":{"line":31,"column":13},"end":{"line":35,"column":9}},{"start":{"line":33,"column":15},"end":{"line":35,"column":9}}],"line":31}},"s":{"0":1,"1":1,"2":1,"3":1,"4":1,"5":1,"6":1,"7":1,"8":1,"9":1,"10":1,"11":1,"12":1,"13":8,"14":1,"15":1,"16":5,"17":1,"18":4,"19":2,"20":2,"21":1,"22":1,"23":1,"24":1},"f":{"0":1,"1":8,"2":5},"b":{"0":[1,0],"1":[4,4],"2":[0,4],"3":[1,4],"4":[2,2],"5":[1,1]},"inputSourceMap":null,"_coverageSchema":"1a1c01bbd47fc00a2c39e90264f33305004495a9","hash":"550794c1530652cd1efb4e283953a33ebc53fd60"}
}
