TN:
SF:src/index.js
FN:5,(anonymous_0)
FN:21,(anonymous_1)
FN:24,(anonymous_2)
FNF:3
FNH:3
FNDA:1,(anonymous_0)
FNDA:8,(anonymous_1)
FNDA:5,(anonymous_2)
DA:5,1
DA:6,1
DA:7,1
DA:8,1
DA:9,1
DA:10,1
DA:13,1
DA:14,1
DA:15,1
DA:18,1
DA:19,1
DA:20,1
DA:21,8
DA:23,1
DA:24,1
DA:25,5
DA:26,1
DA:28,4
DA:29,2
DA:31,2
DA:32,1
DA:34,1
DA:37,1
DA:39,1
LF:24
LH:24
BRDA:13,0,0,1
BRDA:13,0,1,0
BRDA:21,1,0,4
BRDA:21,1,1,4
BRDA:21,2,0,0
BRDA:21,2,1,4
BRDA:25,3,0,1
BRDA:25,3,1,4
BRDA:28,4,0,2
BRDA:28,4,1,2
BRDA:31,5,0,1
BRDA:31,5,1,1
BRF:12
BRH:10
end_of_record
